#
# There is insufficient memory for the Java Runtime Environment to continue.
# Native memory allocation (malloc) failed to allocate 1048576 bytes for AllocateHeap
# Possible reasons:
#   The system is out of physical RAM or swap space
#   The process is running with CompressedOops enabled, and the Java Heap may be blocking the growth of the native heap
# Possible solutions:
#   Reduce memory load on the system
#   Increase physical memory or swap space
#   Check if swap backing store is full
#   Decrease Java heap size (-Xmx/-Xms)
#   Decrease number of Java threads
#   Decrease Java thread stack sizes (-Xss)
#   Set larger code cache with -XX:ReservedCodeCacheSize=
#   JVM is running with Unscaled Compressed Oops mode in which the Java heap is
#     placed in the first 4GB address space. The Java Heap base address is the
#     maximum limit for the native heap growth. Please use -XX:HeapBaseMinAddress
#     to set the Java Heap base and to place the Java Heap above 4GB virtual address.
# This output file may be truncated or incomplete.
#
#  Out of Memory Error (./open/src/hotspot/share/memory/allocation.cpp:46), pid=12768, tid=12860
#
# JRE version: Java(TM) SE Runtime Environment 18.9 (11.0.10+8) (build 11.0.10+8-LTS-162)
# Java VM: Java HotSpot(TM) 64-Bit Server VM 18.9 (11.0.10+8-LTS-162, mixed mode, tiered, compressed oops, g1 gc, windows-amd64)
# No core dump will be written. Minidumps are not enabled by default on client versions of Windows
#

---------------  S U M M A R Y ------------

Command Line: --add-opens=java.base/java.util=ALL-UNNAMED --add-opens=java.base/java.lang=ALL-UNNAMED --add-opens=java.base/java.lang.invoke=ALL-UNNAMED --add-opens=java.base/java.util=ALL-UNNAMED --add-opens=java.prefs/java.util.prefs=ALL-UNNAMED --add-opens=java.prefs/java.util.prefs=ALL-UNNAMED --add-opens=java.base/java.nio.charset=ALL-UNNAMED --add-opens=java.base/java.net=ALL-UNNAMED --add-opens=java.base/java.util.concurrent.atomic=ALL-UNNAMED -Xmx2048m -Dfile.encoding=UTF-8 -Duser.country=RU -Duser.language=ru -Duser.variant org.gradle.launcher.daemon.bootstrap.GradleDaemon 7.0.2

Host: Intel(R) Core(TM) i5-7300U CPU @ 2.60GHz, 4 cores, 7G,  Windows 10 , 64 bit Build 19041 (10.0.19041.1706)
Time: Mon Jun 27 23:53:00 2022 RTZ 2 (зима) elapsed time: 95.761671 seconds (0d 0h 1m 35s)

---------------  T H R E A D  ---------------

Current thread (0x0000016bda8e2000):  VMThread "VM Thread" [stack: 0x0000005487300000,0x0000005487400000] [id=12860]

Stack: [0x0000005487300000,0x0000005487400000]
[error occurred during error reporting (printing stack bounds), id 0xc0000005, EXCEPTION_ACCESS_VIOLATION (0xc0000005) at pc=0x0000016bc4090f2d]

Native frames: (J=compiled Java code, j=interpreted, Vv=VM code, C=native code)
V  [jvm.dll+0x613e6a]
V  [jvm.dll+0x74c1ff]
V  [jvm.dll+0x74d885]
V  [jvm.dll+0x74de65]
V  [jvm.dll+0x74de1b]
V  [jvm.dll+0x6136a3]
V  [jvm.dll+0x613a68]
C  [ntdll.dll+0xa209f]
C  [ntdll.dll+0x51454]
C  [ntdll.dll+0xa0bce]
C  0x0000016bc4090f2d

VM_Operation (0x000000548a4f72f0): CollectForMetadataAllocation, mode: safepoint, requested by thread 0x0000016bdd28b000


---------------  P R O C E S S  ---------------

Threads class SMR info:
_java_thread_list=0x0000016be37f3260, length=59, elements={
0x0000016bbbbf7800, 0x0000016bda8e6800, 0x0000016bda8f1000, 0x0000016bda907800,
0x0000016bda909000, 0x0000016bda90a800, 0x0000016bda90e000, 0x0000016bda917000,
0x0000016bdb3d0000, 0x0000016bdb3fc800, 0x0000016bdc41d000, 0x0000016bdc236000,
0x0000016bdca8f800, 0x0000016bdb5fd000, 0x0000016bdb5fe000, 0x0000016bdce1e800,
0x0000016bdce12800, 0x0000016bdce13000, 0x0000016bdce14800, 0x0000016bdb8bb800,
0x0000016bdb8ba000, 0x0000016bdb8be000, 0x0000016bdb8bc800, 0x0000016bdb8bd800,
0x0000016bdb8b8800, 0x0000016bdb8bb000, 0x0000016bdb8b9800, 0x0000016bdb8bf000,
0x0000016bdd280800, 0x0000016bdd283000, 0x0000016bdd282000, 0x0000016bdd27d000,
0x0000016bdd27e000, 0x0000016bdd284800, 0x0000016bdd27f000, 0x0000016bdd285800,
0x0000016bdd27f800, 0x0000016bdd287000, 0x0000016bdd286000, 0x0000016bdd28c000,
0x0000016bdd288000, 0x0000016bdd28a800, 0x0000016bdd288800, 0x0000016bdd289800,
0x0000016bdd28b000, 0x0000016be0c02000, 0x0000016be0c00000, 0x0000016be0c01000,
0x0000016be0c02800, 0x0000016be0bfd000, 0x0000016be0c03800, 0x0000016be0bfe000,
0x0000016be0bfe800, 0x0000016bdb2a6000, 0x0000016bdb2a6800, 0x0000016bdb2a7800,
0x0000016bdb2a5000, 0x0000016bdb2a9000, 0x0000016bdb2a8800
}

Java Threads: ( => current thread )
  0x0000016bbbbf7800 JavaThread "main" [_thread_blocked, id=18276, stack(0x0000005486d00000,0x0000005486e00000)]
  0x0000016bda8e6800 JavaThread "Reference Handler" daemon [_thread_blocked, id=8108, stack(0x0000005487400000,0x0000005487500000)]
  0x0000016bda8f1000 JavaThread "Finalizer" daemon [_thread_blocked, id=3168, stack(0x0000005487500000,0x0000005487600000)]
  0x0000016bda907800 JavaThread "Signal Dispatcher" daemon [_thread_blocked, id=13768, stack(0x0000005487600000,0x0000005487700000)]
  0x0000016bda909000 JavaThread "Attach Listener" daemon [_thread_blocked, id=19472, stack(0x0000005487700000,0x0000005487800000)]
  0x0000016bda90a800 JavaThread "C2 CompilerThread0" daemon [_thread_blocked, id=8100, stack(0x0000005487800000,0x0000005487900000)]
  0x0000016bda90e000 JavaThread "C1 CompilerThread0" daemon [_thread_blocked, id=13400, stack(0x0000005487900000,0x0000005487a00000)]
  0x0000016bda917000 JavaThread "Sweeper thread" daemon [_thread_blocked, id=5852, stack(0x0000005487a00000,0x0000005487b00000)]
  0x0000016bdb3d0000 JavaThread "Common-Cleaner" daemon [_thread_blocked, id=4024, stack(0x0000005487b00000,0x0000005487c00000)]
  0x0000016bdb3fc800 JavaThread "Service Thread" daemon [_thread_blocked, id=6488, stack(0x0000005487c00000,0x0000005487d00000)]
  0x0000016bdc41d000 JavaThread "Daemon health stats" [_thread_blocked, id=7232, stack(0x0000005487e00000,0x0000005487f00000)]
  0x0000016bdc236000 JavaThread "Incoming local TCP Connector on port 51282" [_thread_in_native, id=2692, stack(0x0000005488100000,0x0000005488200000)]
  0x0000016bdca8f800 JavaThread "Daemon periodic checks" [_thread_blocked, id=16884, stack(0x0000005488300000,0x0000005488400000)]
  0x0000016bdb5fd000 JavaThread "Daemon" [_thread_blocked, id=12888, stack(0x0000005488400000,0x0000005488500000)]
  0x0000016bdb5fe000 JavaThread "Handler for socket connection from /127.0.0.1:51282 to /127.0.0.1:51284" [_thread_in_native, id=18676, stack(0x0000005488500000,0x0000005488600000)]
  0x0000016bdce1e800 JavaThread "Cancel handler" [_thread_blocked, id=18104, stack(0x0000005488600000,0x0000005488700000)]
  0x0000016bdce12800 JavaThread "Daemon worker" [_thread_blocked, id=18316, stack(0x0000005488700000,0x0000005488800000)]
  0x0000016bdce13000 JavaThread "Asynchronous log dispatcher for DefaultDaemonConnection: socket connection from /127.0.0.1:51282 to /127.0.0.1:51284" [_thread_blocked, id=4212, stack(0x0000005488800000,0x0000005488900000)]
  0x0000016bdce14800 JavaThread "Daemon client event forwarder" [_thread_blocked, id=16096, stack(0x0000005488a00000,0x0000005488b00000)]
  0x0000016bdb8bb800 JavaThread "Cache worker for file hash cache (C:\Users\Nomer\Desktop\application\n-kolesnikov-pirogovclinic-android-93c4ca24390d\gradle\caches\7.0.2\fileHashes)" [_thread_blocked, id=3136, stack(0x0000005488b00000,0x0000005488c00000)]
  0x0000016bdb8ba000 JavaThread "File lock request listener" [_thread_in_native, id=15332, stack(0x0000005488c00000,0x0000005488d00000)]
  0x0000016bdb8be000 JavaThread "Cache worker for journal cache (C:\Users\Nomer\Desktop\application\n-kolesnikov-pirogovclinic-android-93c4ca24390d\gradle\caches\journal-1)" [_thread_blocked, id=15644, stack(0x0000005488d00000,0x0000005488e00000)]
  0x0000016bdb8bc800 JavaThread "Cache worker for file hash cache (C:\Users\Nomer\AndroidStudioProjects\NMedia\.gradle\7.0.2\fileHashes)" [_thread_blocked, id=13148, stack(0x0000005488f00000,0x0000005489000000)]
  0x0000016bdb8bd800 JavaThread "File watcher server" daemon [_thread_blocked, id=15696, stack(0x0000005489000000,0x0000005489100000)]
  0x0000016bdb8b8800 JavaThread "File watcher consumer" daemon [_thread_blocked, id=16936, stack(0x0000005489100000,0x0000005489200000)]
  0x0000016bdb8bb000 JavaThread "Cache worker for checksums cache (C:\Users\Nomer\AndroidStudioProjects\NMedia\.gradle\checksums)" [_thread_blocked, id=1564, stack(0x0000005489200000,0x0000005489300000)]
  0x0000016bdb8b9800 JavaThread "Cache worker for cache directory md-supplier (C:\Users\Nomer\Desktop\application\n-kolesnikov-pirogovclinic-android-93c4ca24390d\gradle\caches\7.0.2\md-supplier)" [_thread_blocked, id=3204, stack(0x0000005489300000,0x0000005489400000)]
  0x0000016bdb8bf000 JavaThread "Cache worker for cache directory md-rule (C:\Users\Nomer\Desktop\application\n-kolesnikov-pirogovclinic-android-93c4ca24390d\gradle\caches\7.0.2\md-rule)" [_thread_blocked, id=20456, stack(0x0000005489400000,0x0000005489500000)]
  0x0000016bdd280800 JavaThread "Cache worker for execution history cache (C:\Users\Nomer\Desktop\application\n-kolesnikov-pirogovclinic-android-93c4ca24390d\gradle\caches\7.0.2\executionHistory)" [_thread_blocked, id=16112, stack(0x0000005489500000,0x0000005489600000)]
  0x0000016bdd283000 JavaThread "jar transforms" [_thread_blocked, id=20340, stack(0x0000005489600000,0x0000005489700000)]
  0x0000016bdd282000 JavaThread "jar transforms Thread 2" [_thread_blocked, id=3760, stack(0x0000005489700000,0x0000005489800000)]
  0x0000016bdd27d000 JavaThread "Cache worker for file content cache (C:\Users\Nomer\Desktop\application\n-kolesnikov-pirogovclinic-android-93c4ca24390d\gradle\caches\7.0.2\fileContent)" [_thread_blocked, id=20204, stack(0x0000005489800000,0x0000005489900000)]
  0x0000016bdd27e000 JavaThread "Cache worker for dependencies-accessors (C:\Users\Nomer\AndroidStudioProjects\NMedia\.gradle\7.0.2\dependencies-accessors)" [_thread_blocked, id=1748, stack(0x0000005488e00000,0x0000005488f00000)]
  0x0000016bdd284800 JavaThread "jar transforms Thread 3" [_thread_blocked, id=6272, stack(0x0000005489900000,0x0000005489a00000)]
  0x0000016bdd27f000 JavaThread "Cache worker for Build Output Cleanup Cache (C:\Users\Nomer\AndroidStudioProjects\NMedia\.gradle\buildOutputCleanup)" [_thread_blocked, id=16500, stack(0x0000005489a00000,0x0000005489b00000)]
  0x0000016bdd285800 JavaThread "Build operations" [_thread_blocked, id=9112, stack(0x0000005489b00000,0x0000005489c00000)]
  0x0000016bdd27f800 JavaThread "Build operations Thread 2" [_thread_blocked, id=19520, stack(0x0000005489c00000,0x0000005489d00000)]
  0x0000016bdd287000 JavaThread "Build operations Thread 3" [_thread_blocked, id=11884, stack(0x0000005489d00000,0x0000005489e00000)]
  0x0000016bdd286000 JavaThread "Build operations Thread 4" [_thread_blocked, id=14296, stack(0x0000005489e00000,0x0000005489f00000)]
  0x0000016bdd28c000 JavaThread "jar transforms Thread 4" [_thread_blocked, id=19792, stack(0x0000005489f00000,0x000000548a000000)]
  0x0000016bdd288000 JavaThread "Memory manager" [_thread_blocked, id=18428, stack(0x000000548a000000,0x000000548a100000)]
  0x0000016bdd28a800 JavaThread "build event listener" [_thread_blocked, id=14956, stack(0x000000548a100000,0x000000548a200000)]
  0x0000016bdd288800 JavaThread "Execution worker for ':'" [_thread_blocked, id=4436, stack(0x000000548a200000,0x000000548a300000)]
  0x0000016bdd289800 JavaThread "Execution worker for ':' Thread 2" [_thread_blocked, id=13496, stack(0x000000548a300000,0x000000548a400000)]
  0x0000016bdd28b000 JavaThread "Execution worker for ':' Thread 3" [_thread_blocked, id=2808, stack(0x000000548a400000,0x000000548a500000)]
  0x0000016be0c02000 JavaThread "Cache worker for execution history cache (C:\Users\Nomer\AndroidStudioProjects\NMedia\.gradle\7.0.2\executionHistory)" [_thread_blocked, id=19776, stack(0x000000548a500000,0x000000548a600000)]
  0x0000016be0c00000 JavaThread "WorkerExecutor Queue" [_thread_blocked, id=10552, stack(0x000000548a700000,0x000000548a800000)]
  0x0000016be0c01000 JavaThread "WorkerExecutor Queue Thread 2" [_thread_blocked, id=1764, stack(0x000000548a800000,0x000000548a900000)]
  0x0000016be0c02800 JavaThread "WorkerExecutor Queue Thread 3" [_thread_blocked, id=20060, stack(0x000000548a900000,0x000000548aa00000)]
  0x0000016be0bfd000 JavaThread "pool-3-thread-1" [_thread_blocked, id=20412, stack(0x000000548aa00000,0x000000548ab00000)]
  0x0000016be0c03800 JavaThread "stderr" [_thread_in_native, id=8196, stack(0x000000548ab00000,0x000000548ac00000)]
  0x0000016be0bfe000 JavaThread "stdout" [_thread_in_native, id=14096, stack(0x000000548ac00000,0x000000548ad00000)]
  0x0000016be0bfe800 JavaThread "RMI Scheduler(0)" daemon [_thread_blocked, id=14812, stack(0x000000548ad00000,0x000000548ae00000)]
  0x0000016bdb2a6000 JavaThread "RMI GC Daemon" daemon [_thread_blocked, id=10572, stack(0x000000548af00000,0x000000548b000000)]
  0x0000016bdb2a6800 JavaThread "RMI TCP Accept-0" daemon [_thread_in_native, id=20376, stack(0x000000548b000000,0x000000548b100000)]
  0x0000016bdb2a7800 JavaThread "RMI Reaper" [_thread_blocked, id=16676, stack(0x000000548b100000,0x000000548b200000)]
  0x0000016bdb2a5000 JavaThread "RMI TCP Connection(2)-127.0.0.1" daemon [_thread_in_native, id=16004, stack(0x000000548b200000,0x000000548b300000)]
  0x0000016bdb2a9000 JavaThread "Cache worker for Java compile cache (C:\Users\Nomer\Desktop\application\n-kolesnikov-pirogovclinic-android-93c4ca24390d\gradle\caches\7.0.2\javaCompile)" [_thread_blocked, id=13076, stack(0x0000005486a00000,0x0000005486b00000)]
  0x0000016bdb2a8800 JavaThread "Cache worker for Java compile cache (C:\Users\Nomer\AndroidStudioProjects\NMedia\.gradle\7.0.2\javaCompile)" [_thread_blocked, id=5460, stack(0x0000005486c00000,0x0000005486d00000)]

Other Threads:
=>0x0000016bda8e2000 VMThread "VM Thread" [stack: 0x0000005487300000,0x0000005487400000] [id=12860]
  0x0000016bdb41a800 WatcherThread [stack: 0x0000005487d00000,0x0000005487e00000] [id=17604]
  0x0000016bbbc0e800 GCTaskThread "GC Thread#0" [stack: 0x0000005486e00000,0x0000005486f00000] [id=3340]
  0x0000016bdbbce000 GCTaskThread "GC Thread#1" [stack: 0x0000005487f00000,0x0000005488000000] [id=12300]
  0x0000016bdbaeb000 GCTaskThread "GC Thread#2" [stack: 0x0000005488000000,0x0000005488100000] [id=9792]
  0x0000016bdc51b000 GCTaskThread "GC Thread#3" [stack: 0x0000005488200000,0x0000005488300000] [id=4188]
  0x0000016bbbc3e000 ConcurrentGCThread "G1 Main Marker" [stack: 0x0000005486f00000,0x0000005487000000] [id=15256]
  0x0000016bbbc41000 ConcurrentGCThread "G1 Conc#0" [stack: 0x0000005487000000,0x0000005487100000] [id=20312]
  0x0000016bbbccd800 ConcurrentGCThread "G1 Refine#0" [stack: 0x0000005487100000,0x0000005487200000] [id=13460]
  0x0000016bbbcce800 ConcurrentGCThread "G1 Young RemSet Sampling" [stack: 0x0000005487200000,0x0000005487300000] [id=19536]

Threads with active compile tasks:
C2 CompilerThread0  95809 13605       4       com.sun.tools.javac.jvm.ClassReader::sigToType (880 bytes)

VM state:at safepoint (normal execution)

VM Mutex/Monitor currently owned by a thread:  ([mutex/lock_event])
[0x0000016bbbbf4210] Threads_lock - owner thread: 0x0000016bda8e2000
[0x0000016bbbbf3130] Heap_lock - owner thread: 0x0000016bdd28b000

Heap address: 0x0000000080000000, size: 2048 MB, Compressed Oops mode: 32-bit
Narrow klass base: 0x0000000000000000, Narrow klass shift: 3
Compressed class space size: 1073741824 Address: 0x0000000100000000

Heap:
 garbage-first heap   total 189440K, used 111145K [0x0000000080000000, 0x0000000100000000)
  region size 1024K, 7 young (7168K), 7 survivors (7168K)
 Metaspace       used 108996K, capacity 111518K, committed 111624K, reserved 1155072K
  class space    used 13872K, capacity 14800K, committed 14848K, reserved 1048576K
Heap Regions: E=young(eden), S=young(survivor), O=old, HS=humongous(starts), HC=humongous(continues), CS=collection set, F=free, A=archive, TAMS=top-at-mark-start (previous, next)
|   0|0x0000000080000000, 0x0000000080100000, 0x0000000080100000|100%|HS|  |TAMS 0x0000000080100000, 0x0000000080000000| Complete 
|   1|0x0000000080100000, 0x0000000080200000, 0x0000000080200000|100%|HC|  |TAMS 0x0000000080200000, 0x0000000080100000| Complete 
|   2|0x0000000080200000, 0x0000000080300000, 0x0000000080300000|100%|HC|  |TAMS 0x0000000080300000, 0x0000000080200000| Complete 
|   3|0x0000000080300000, 0x0000000080400000, 0x0000000080400000|100%| O|  |TAMS 0x0000000080400000, 0x0000000080300000| Untracked 
|   4|0x0000000080400000, 0x0000000080500000, 0x0000000080500000|100%| O|  |TAMS 0x0000000080500000, 0x0000000080400000| Untracked 
|   5|0x0000000080500000, 0x0000000080600000, 0x0000000080600000|100%| O|  |TAMS 0x0000000080600000, 0x0000000080500000| Untracked 
|   6|0x0000000080600000, 0x0000000080700000, 0x0000000080700000|100%| O|  |TAMS 0x0000000080700000, 0x0000000080600000| Untracked 
|   7|0x0000000080700000, 0x0000000080800000, 0x0000000080800000|100%| O|  |TAMS 0x0000000080800000, 0x0000000080700000| Complete 
|   8|0x0000000080800000, 0x0000000080900000, 0x0000000080900000|100%| O|  |TAMS 0x0000000080900000, 0x0000000080800000| Untracked 
|   9|0x0000000080900000, 0x0000000080a00000, 0x0000000080a00000|100%| O|  |TAMS 0x0000000080a00000, 0x0000000080900000| Untracked 
|  10|0x0000000080a00000, 0x0000000080b00000, 0x0000000080b00000|100%| O|  |TAMS 0x0000000080b00000, 0x0000000080a00000| Untracked 
|  11|0x0000000080b00000, 0x0000000080c00000, 0x0000000080c00000|100%| O|  |TAMS 0x0000000080c00000, 0x0000000080b00000| Untracked 
|  12|0x0000000080c00000, 0x0000000080d00000, 0x0000000080d00000|100%| O|  |TAMS 0x0000000080d00000, 0x0000000080c00000| Untracked 
|  13|0x0000000080d00000, 0x0000000080e00000, 0x0000000080e00000|100%| O|  |TAMS 0x0000000080e00000, 0x0000000080d00000| Complete 
|  14|0x0000000080e00000, 0x0000000080f00000, 0x0000000080f00000|100%| O|  |TAMS 0x0000000080f00000, 0x0000000080e00000| Untracked 
|  15|0x0000000080f00000, 0x0000000081000000, 0x0000000081000000|100%| O|  |TAMS 0x0000000081000000, 0x0000000080f00000| Complete 
|  16|0x0000000081000000, 0x0000000081100000, 0x0000000081100000|100%|HS|  |TAMS 0x0000000081100000, 0x0000000081000000| Complete 
|  17|0x0000000081100000, 0x0000000081200000, 0x0000000081200000|100%| O|  |TAMS 0x0000000081200000, 0x0000000081100000| Untracked 
|  18|0x0000000081200000, 0x0000000081300000, 0x0000000081300000|100%| O|  |TAMS 0x0000000081300000, 0x0000000081200000| Untracked 
|  19|0x0000000081300000, 0x0000000081400000, 0x0000000081400000|100%| O|  |TAMS 0x0000000081400000, 0x0000000081300000| Untracked 
|  20|0x0000000081400000, 0x0000000081500000, 0x0000000081500000|100%| O|  |TAMS 0x0000000081500000, 0x0000000081400000| Untracked 
|  21|0x0000000081500000, 0x0000000081600000, 0x0000000081600000|100%| O|  |TAMS 0x0000000081600000, 0x0000000081500000| Untracked 
|  22|0x0000000081600000, 0x0000000081700000, 0x0000000081700000|100%| O|  |TAMS 0x0000000081700000, 0x0000000081600000| Untracked 
|  23|0x0000000081700000, 0x0000000081800000, 0x0000000081800000|100%| O|  |TAMS 0x0000000081800000, 0x0000000081700000| Untracked 
|  24|0x0000000081800000, 0x0000000081900000, 0x0000000081900000|100%| O|  |TAMS 0x0000000081900000, 0x0000000081800000| Untracked 
|  25|0x0000000081900000, 0x0000000081a00000, 0x0000000081a00000|100%| O|  |TAMS 0x0000000081a00000, 0x0000000081900000| Untracked 
|  26|0x0000000081a00000, 0x0000000081b00000, 0x0000000081b00000|100%| O|  |TAMS 0x0000000081b00000, 0x0000000081a00000| Untracked 
|  27|0x0000000081b00000, 0x0000000081c00000, 0x0000000081c00000|100%| O|  |TAMS 0x0000000081c00000, 0x0000000081b00000| Complete 
|  28|0x0000000081c00000, 0x0000000081d00000, 0x0000000081d00000|100%|HS|  |TAMS 0x0000000081d00000, 0x0000000081c00000| Complete 
|  29|0x0000000081d00000, 0x0000000081e00000, 0x0000000081e00000|100%|HS|  |TAMS 0x0000000081e00000, 0x0000000081d00000| Complete 
|  30|0x0000000081e00000, 0x0000000081f00000, 0x0000000081f00000|100%|HS|  |TAMS 0x0000000081f00000, 0x0000000081e00000| Complete 
|  31|0x0000000081f00000, 0x0000000082000000, 0x0000000082000000|100%|HC|  |TAMS 0x0000000082000000, 0x0000000081f00000| Complete 
|  32|0x0000000082000000, 0x0000000082100000, 0x0000000082100000|100%|HC|  |TAMS 0x0000000082100000, 0x0000000082000000| Complete 
|  33|0x0000000082100000, 0x0000000082200000, 0x0000000082200000|100%|HS|  |TAMS 0x0000000082200000, 0x0000000082100000| Complete 
|  34|0x0000000082200000, 0x0000000082300000, 0x0000000082300000|100%|HC|  |TAMS 0x0000000082300000, 0x0000000082200000| Complete 
|  35|0x0000000082300000, 0x0000000082400000, 0x0000000082400000|100%| O|  |TAMS 0x0000000082400000, 0x0000000082300000| Complete 
|  36|0x0000000082400000, 0x0000000082500000, 0x0000000082500000|100%| O|  |TAMS 0x0000000082500000, 0x0000000082400000| Untracked 
|  37|0x0000000082500000, 0x0000000082600000, 0x0000000082600000|100%| O|  |TAMS 0x0000000082600000, 0x0000000082500000| Untracked 
|  38|0x0000000082600000, 0x0000000082700000, 0x0000000082700000|100%| O|  |TAMS 0x0000000082700000, 0x0000000082600000| Untracked 
|  39|0x0000000082700000, 0x0000000082800000, 0x0000000082800000|100%| O|  |TAMS 0x0000000082800000, 0x0000000082700000| Untracked 
|  40|0x0000000082800000, 0x0000000082900000, 0x0000000082900000|100%| O|  |TAMS 0x0000000082900000, 0x0000000082800000| Untracked 
|  41|0x0000000082900000, 0x0000000082a00000, 0x0000000082a00000|100%| O|  |TAMS 0x0000000082a00000, 0x0000000082900000| Untracked 
|  42|0x0000000082a00000, 0x0000000082b00000, 0x0000000082b00000|100%| O|  |TAMS 0x0000000082b00000, 0x0000000082a00000| Untracked 
|  43|0x0000000082b00000, 0x0000000082c00000, 0x0000000082c00000|100%| O|  |TAMS 0x0000000082c00000, 0x0000000082b00000| Untracked 
|  44|0x0000000082c00000, 0x0000000082d00000, 0x0000000082d00000|100%| O|  |TAMS 0x0000000082d00000, 0x0000000082c00000| Untracked 
|  45|0x0000000082d00000, 0x0000000082e00000, 0x0000000082e00000|100%| O|  |TAMS 0x0000000082e00000, 0x0000000082d00000| Untracked 
|  46|0x0000000082e00000, 0x0000000082f00000, 0x0000000082f00000|100%| O|  |TAMS 0x0000000082f00000, 0x0000000082e00000| Untracked 
|  47|0x0000000082f00000, 0x0000000083000000, 0x0000000083000000|100%| O|  |TAMS 0x0000000083000000, 0x0000000082f00000| Untracked 
|  48|0x0000000083000000, 0x0000000083100000, 0x0000000083100000|100%| O|  |TAMS 0x0000000083100000, 0x0000000083000000| Untracked 
|  49|0x0000000083100000, 0x0000000083200000, 0x0000000083200000|100%| O|  |TAMS 0x0000000083200000, 0x0000000083100000| Untracked 
|  50|0x0000000083200000, 0x0000000083300000, 0x0000000083300000|100%| O|  |TAMS 0x0000000083300000, 0x0000000083200000| Untracked 
|  51|0x0000000083300000, 0x0000000083400000, 0x0000000083400000|100%| O|  |TAMS 0x0000000083400000, 0x0000000083300000| Complete 
|  52|0x0000000083400000, 0x0000000083500000, 0x0000000083500000|100%| O|  |TAMS 0x0000000083500000, 0x0000000083400000| Untracked 
|  53|0x0000000083500000, 0x0000000083600000, 0x0000000083600000|100%| O|  |TAMS 0x0000000083600000, 0x0000000083500000| Untracked 
|  54|0x0000000083600000, 0x0000000083700000, 0x0000000083700000|100%| O|  |TAMS 0x0000000083700000, 0x0000000083600000| Untracked 
|  55|0x0000000083700000, 0x0000000083800000, 0x0000000083800000|100%| O|  |TAMS 0x0000000083800000, 0x0000000083700000| Untracked 
|  56|0x0000000083800000, 0x0000000083900000, 0x0000000083900000|100%| O|  |TAMS 0x0000000083900000, 0x0000000083800000| Untracked 
|  57|0x0000000083900000, 0x0000000083a00000, 0x0000000083a00000|100%| O|  |TAMS 0x0000000083a00000, 0x0000000083900000| Untracked 
|  58|0x0000000083a00000, 0x0000000083b00000, 0x0000000083b00000|100%| O|  |TAMS 0x0000000083b00000, 0x0000000083a00000| Untracked 
|  59|0x0000000083b00000, 0x0000000083c00000, 0x0000000083c00000|100%| O|  |TAMS 0x0000000083c00000, 0x0000000083b00000| Untracked 
|  60|0x0000000083c00000, 0x0000000083d00000, 0x0000000083d00000|100%| O|  |TAMS 0x0000000083d00000, 0x0000000083c00000| Untracked 
|  61|0x0000000083d00000, 0x0000000083e00000, 0x0000000083e00000|100%| O|  |TAMS 0x0000000083e00000, 0x0000000083d00000| Untracked 
|  62|0x0000000083e00000, 0x0000000083f00000, 0x0000000083f00000|100%| O|  |TAMS 0x0000000083f00000, 0x0000000083e00000| Untracked 
|  63|0x0000000083f00000, 0x0000000084000000, 0x0000000084000000|100%| O|  |TAMS 0x0000000084000000, 0x0000000083f00000| Complete 
|  64|0x0000000084000000, 0x0000000084100000, 0x0000000084100000|100%| O|  |TAMS 0x0000000084100000, 0x0000000084000000| Complete 
|  65|0x0000000084100000, 0x0000000084200000, 0x0000000084200000|100%| O|  |TAMS 0x0000000084200000, 0x0000000084100000| Complete 
|  66|0x0000000084200000, 0x0000000084300000, 0x0000000084300000|100%| O|  |TAMS 0x0000000084300000, 0x0000000084200000| Untracked 
|  67|0x0000000084300000, 0x0000000084400000, 0x0000000084400000|100%| O|  |TAMS 0x0000000084400000, 0x0000000084300000| Untracked 
|  68|0x0000000084400000, 0x0000000084500000, 0x0000000084500000|100%| O|  |TAMS 0x0000000084500000, 0x0000000084400000| Complete 
|  69|0x0000000084500000, 0x0000000084600000, 0x0000000084600000|100%| O|  |TAMS 0x0000000084600000, 0x0000000084500000| Complete 
|  70|0x0000000084600000, 0x0000000084700000, 0x0000000084700000|100%| O|  |TAMS 0x0000000084700000, 0x0000000084600000| Complete 
|  71|0x0000000084700000, 0x0000000084800000, 0x0000000084800000|100%| O|  |TAMS 0x0000000084800000, 0x0000000084700000| Untracked 
|  72|0x0000000084800000, 0x0000000084900000, 0x0000000084900000|100%| O|  |TAMS 0x0000000084900000, 0x0000000084800000| Complete 
|  73|0x0000000084900000, 0x0000000084a00000, 0x0000000084a00000|100%| O|  |TAMS 0x0000000084a00000, 0x0000000084900000| Untracked 
|  74|0x0000000084a00000, 0x0000000084b00000, 0x0000000084b00000|100%| O|  |TAMS 0x0000000084b00000, 0x0000000084a00000| Complete 
|  75|0x0000000084b00000, 0x0000000084c00000, 0x0000000084c00000|100%| O|  |TAMS 0x0000000084c00000, 0x0000000084b00000| Untracked 
|  76|0x0000000084c00000, 0x0000000084d00000, 0x0000000084d00000|100%| O|  |TAMS 0x0000000084d00000, 0x0000000084c00000| Untracked 
|  77|0x0000000084d00000, 0x0000000084e00000, 0x0000000084e00000|100%| O|  |TAMS 0x0000000084e00000, 0x0000000084d00000| Untracked 
|  78|0x0000000084e00000, 0x0000000084f00000, 0x0000000084f00000|100%| O|  |TAMS 0x0000000084f00000, 0x0000000084e00000| Untracked 
|  79|0x0000000084f00000, 0x0000000085000000, 0x0000000085000000|100%| O|  |TAMS 0x0000000085000000, 0x0000000084f00000| Complete 
|  80|0x0000000085000000, 0x0000000085100000, 0x0000000085100000|100%| O|  |TAMS 0x0000000085100000, 0x0000000085000000| Complete 
|  81|0x0000000085100000, 0x0000000085200000, 0x0000000085200000|100%| O|  |TAMS 0x0000000085200000, 0x0000000085100000| Untracked 
|  82|0x0000000085200000, 0x0000000085300000, 0x0000000085300000|100%| O|  |TAMS 0x0000000085300000, 0x0000000085200000| Untracked 
|  83|0x0000000085300000, 0x0000000085400000, 0x0000000085400000|100%| O|  |TAMS 0x0000000085400000, 0x0000000085300000| Complete 
|  84|0x0000000085400000, 0x0000000085500000, 0x0000000085500000|100%| O|  |TAMS 0x0000000085500000, 0x0000000085400000| Complete 
|  85|0x0000000085500000, 0x0000000085600000, 0x0000000085600000|100%| O|  |TAMS 0x0000000085600000, 0x0000000085500000| Untracked 
|  86|0x0000000085600000, 0x0000000085700000, 0x0000000085700000|100%| O|  |TAMS 0x00000000856f7000, 0x0000000085600000| Untracked 
|  87|0x0000000085700000, 0x0000000085800000, 0x0000000085800000|100%| O|  |TAMS 0x0000000085800000, 0x0000000085700000| Complete 
|  88|0x0000000085800000, 0x0000000085900000, 0x0000000085900000|100%| O|  |TAMS 0x0000000085900000, 0x0000000085800000| Complete 
|  89|0x0000000085900000, 0x0000000085a00000, 0x0000000085a00000|100%| O|  |TAMS 0x0000000085a00000, 0x0000000085900000| Untracked 
|  90|0x0000000085a00000, 0x0000000085b00000, 0x0000000085b00000|100%| O|  |TAMS 0x0000000085b00000, 0x0000000085a00000| Untracked 
|  91|0x0000000085b00000, 0x0000000085c00000, 0x0000000085c00000|100%| O|  |TAMS 0x0000000085c00000, 0x0000000085b00000| Complete 
|  92|0x0000000085c00000, 0x0000000085d00000, 0x0000000085d00000|100%| O|  |TAMS 0x0000000085d00000, 0x0000000085c00000| Complete 
|  93|0x0000000085d00000, 0x0000000085e00000, 0x0000000085e00000|100%|HS|  |TAMS 0x0000000085d00000, 0x0000000085d00000| Complete 
|  94|0x0000000085e00000, 0x0000000085f00000, 0x0000000085f00000|100%|HC|  |TAMS 0x0000000085e00000, 0x0000000085e00000| Complete 
|  95|0x0000000085f00000, 0x0000000086000000, 0x0000000086000000|100%| O|  |TAMS 0x0000000085f00000, 0x0000000085f00000| Untracked 
|  96|0x0000000086000000, 0x0000000086100000, 0x0000000086100000|100%| O|  |TAMS 0x0000000086000000, 0x0000000086000000| Untracked 
|  97|0x0000000086100000, 0x0000000086200000, 0x0000000086200000|100%| O|  |TAMS 0x0000000086100000, 0x0000000086100000| Untracked 
|  98|0x0000000086200000, 0x0000000086300000, 0x0000000086300000|100%| O|  |TAMS 0x0000000086200000, 0x0000000086200000| Untracked 
|  99|0x0000000086300000, 0x000000008638a400, 0x0000000086400000| 54%| O|  |TAMS 0x0000000086300000, 0x0000000086300000| Untracked 
| 100|0x0000000086400000, 0x0000000086400000, 0x0000000086500000|  0%| F|  |TAMS 0x0000000086400000, 0x0000000086400000| Untracked 
| 101|0x0000000086500000, 0x0000000086500000, 0x0000000086600000|  0%| F|  |TAMS 0x0000000086500000, 0x0000000086500000| Untracked 
| 102|0x0000000086600000, 0x0000000086700000, 0x0000000086700000|100%| O|  |TAMS 0x0000000086700000, 0x0000000086600000| Complete 
| 103|0x0000000086700000, 0x0000000086700000, 0x0000000086800000|  0%| F|  |TAMS 0x0000000086700000, 0x0000000086700000| Untracked 
| 104|0x0000000086800000, 0x0000000086800000, 0x0000000086900000|  0%| F|  |TAMS 0x0000000086800000, 0x0000000086800000| Untracked 
| 105|0x0000000086900000, 0x0000000086900000, 0x0000000086a00000|  0%| F|  |TAMS 0x0000000086900000, 0x0000000086900000| Untracked 
| 106|0x0000000086a00000, 0x0000000086a00000, 0x0000000086b00000|  0%| F|  |TAMS 0x0000000086a00000, 0x0000000086a00000| Untracked 
| 107|0x0000000086b00000, 0x0000000086b00000, 0x0000000086c00000|  0%| F|  |TAMS 0x0000000086b00000, 0x0000000086b00000| Untracked 
| 108|0x0000000086c00000, 0x0000000086d00000, 0x0000000086d00000|100%| O|  |TAMS 0x0000000086d00000, 0x0000000086c00000| Complete 
| 109|0x0000000086d00000, 0x0000000086d00000, 0x0000000086e00000|  0%| F|  |TAMS 0x0000000086d00000, 0x0000000086d00000| Untracked 
| 110|0x0000000086e00000, 0x0000000086e00000, 0x0000000086f00000|  0%| F|  |TAMS 0x0000000086e00000, 0x0000000086e00000| Untracked 
| 111|0x0000000086f00000, 0x0000000086f00000, 0x0000000087000000|  0%| F|  |TAMS 0x0000000086f00000, 0x0000000086f00000| Untracked 
| 112|0x0000000087000000, 0x0000000087000000, 0x0000000087100000|  0%| F|  |TAMS 0x0000000087000000, 0x0000000087000000| Untracked 
| 113|0x0000000087100000, 0x0000000087100000, 0x0000000087200000|  0%| F|  |TAMS 0x0000000087100000, 0x0000000087100000| Untracked 
| 114|0x0000000087200000, 0x0000000087200000, 0x0000000087300000|  0%| F|  |TAMS 0x0000000087200000, 0x0000000087200000| Untracked 
| 115|0x0000000087300000, 0x0000000087300000, 0x0000000087400000|  0%| F|  |TAMS 0x0000000087300000, 0x0000000087300000| Untracked 
| 116|0x0000000087400000, 0x0000000087400000, 0x0000000087500000|  0%| F|  |TAMS 0x0000000087400000, 0x0000000087400000| Untracked 
| 117|0x0000000087500000, 0x0000000087500000, 0x0000000087600000|  0%| F|  |TAMS 0x0000000087500000, 0x0000000087500000| Untracked 
| 118|0x0000000087600000, 0x0000000087600000, 0x0000000087700000|  0%| F|  |TAMS 0x0000000087600000, 0x0000000087600000| Untracked 
| 119|0x0000000087700000, 0x0000000087700000, 0x0000000087800000|  0%| F|  |TAMS 0x0000000087700000, 0x0000000087700000| Untracked 
| 120|0x0000000087800000, 0x0000000087800000, 0x0000000087900000|  0%| F|  |TAMS 0x0000000087800000, 0x0000000087800000| Untracked 
| 121|0x0000000087900000, 0x0000000087900000, 0x0000000087a00000|  0%| F|  |TAMS 0x0000000087900000, 0x0000000087900000| Untracked 
| 122|0x0000000087a00000, 0x0000000087a00000, 0x0000000087b00000|  0%| F|  |TAMS 0x0000000087a00000, 0x0000000087a00000| Untracked 
| 123|0x0000000087b00000, 0x0000000087b00000, 0x0000000087c00000|  0%| F|  |TAMS 0x0000000087b00000, 0x0000000087b00000| Untracked 
| 124|0x0000000087c00000, 0x0000000087c00000, 0x0000000087d00000|  0%| F|  |TAMS 0x0000000087c00000, 0x0000000087c00000| Untracked 
| 125|0x0000000087d00000, 0x0000000087d00000, 0x0000000087e00000|  0%| F|  |TAMS 0x0000000087d00000, 0x0000000087d00000| Untracked 
| 126|0x0000000087e00000, 0x0000000087e00000, 0x0000000087f00000|  0%| F|  |TAMS 0x0000000087e00000, 0x0000000087e00000| Untracked 
| 127|0x0000000087f00000, 0x0000000087f00000, 0x0000000088000000|  0%| F|  |TAMS 0x0000000087f00000, 0x0000000087f00000| Untracked 
| 128|0x0000000088000000, 0x0000000088000000, 0x0000000088100000|  0%| F|  |TAMS 0x0000000088000000, 0x0000000088000000| Untracked 
| 129|0x0000000088100000, 0x0000000088100000, 0x0000000088200000|  0%| F|  |TAMS 0x0000000088100000, 0x0000000088100000| Untracked 
| 130|0x0000000088200000, 0x0000000088200000, 0x0000000088300000|  0%| F|  |TAMS 0x0000000088200000, 0x0000000088200000| Untracked 
| 131|0x0000000088300000, 0x0000000088300000, 0x0000000088400000|  0%| F|  |TAMS 0x0000000088300000, 0x0000000088300000| Untracked 
| 132|0x0000000088400000, 0x0000000088400000, 0x0000000088500000|  0%| F|  |TAMS 0x0000000088400000, 0x0000000088400000| Untracked 
| 133|0x0000000088500000, 0x0000000088500000, 0x0000000088600000|  0%| F|  |TAMS 0x0000000088500000, 0x0000000088500000| Untracked 
| 134|0x0000000088600000, 0x0000000088600000, 0x0000000088700000|  0%| F|  |TAMS 0x0000000088600000, 0x0000000088600000| Untracked 
| 135|0x0000000088700000, 0x0000000088700000, 0x0000000088800000|  0%| F|  |TAMS 0x0000000088700000, 0x0000000088700000| Untracked 
| 136|0x0000000088800000, 0x0000000088800000, 0x0000000088900000|  0%| F|  |TAMS 0x0000000088800000, 0x0000000088800000| Untracked 
| 137|0x0000000088900000, 0x0000000088900000, 0x0000000088a00000|  0%| F|  |TAMS 0x0000000088900000, 0x0000000088900000| Untracked 
| 138|0x0000000088a00000, 0x0000000088a00000, 0x0000000088b00000|  0%| F|  |TAMS 0x0000000088a00000, 0x0000000088a00000| Untracked 
| 139|0x0000000088b00000, 0x0000000088b00000, 0x0000000088c00000|  0%| F|  |TAMS 0x0000000088b00000, 0x0000000088b00000| Untracked 
| 140|0x0000000088c00000, 0x0000000088c00000, 0x0000000088d00000|  0%| F|  |TAMS 0x0000000088c00000, 0x0000000088c00000| Untracked 
| 141|0x0000000088d00000, 0x0000000088d00000, 0x0000000088e00000|  0%| F|  |TAMS 0x0000000088d00000, 0x0000000088d00000| Untracked 
| 142|0x0000000088e00000, 0x0000000088e00000, 0x0000000088f00000|  0%| F|  |TAMS 0x0000000088e00000, 0x0000000088e00000| Untracked 
| 143|0x0000000088f00000, 0x0000000088f00000, 0x0000000089000000|  0%| F|  |TAMS 0x0000000088f00000, 0x0000000088f00000| Untracked 
| 144|0x0000000089000000, 0x0000000089000000, 0x0000000089100000|  0%| F|  |TAMS 0x0000000089000000, 0x0000000089000000| Untracked 
| 145|0x0000000089100000, 0x0000000089100000, 0x0000000089200000|  0%| F|  |TAMS 0x0000000089100000, 0x0000000089100000| Untracked 
| 146|0x0000000089200000, 0x0000000089200000, 0x0000000089300000|  0%| F|  |TAMS 0x0000000089200000, 0x0000000089200000| Untracked 
| 147|0x0000000089300000, 0x0000000089300000, 0x0000000089400000|  0%| F|  |TAMS 0x0000000089300000, 0x0000000089300000| Untracked 
| 148|0x0000000089400000, 0x0000000089400000, 0x0000000089500000|  0%| F|  |TAMS 0x0000000089400000, 0x0000000089400000| Untracked 
| 149|0x0000000089500000, 0x0000000089500000, 0x0000000089600000|  0%| F|  |TAMS 0x0000000089500000, 0x0000000089500000| Untracked 
| 150|0x0000000089600000, 0x0000000089600000, 0x0000000089700000|  0%| F|  |TAMS 0x0000000089600000, 0x0000000089600000| Untracked 
| 151|0x0000000089700000, 0x0000000089700000, 0x0000000089800000|  0%| F|  |TAMS 0x0000000089700000, 0x0000000089700000| Untracked 
| 152|0x0000000089800000, 0x0000000089800000, 0x0000000089900000|  0%| F|  |TAMS 0x0000000089800000, 0x0000000089800000| Untracked 
| 153|0x0000000089900000, 0x0000000089900000, 0x0000000089a00000|  0%| F|  |TAMS 0x0000000089900000, 0x0000000089900000| Untracked 
| 154|0x0000000089a00000, 0x0000000089a00000, 0x0000000089b00000|  0%| F|  |TAMS 0x0000000089a00000, 0x0000000089a00000| Untracked 
| 155|0x0000000089b00000, 0x0000000089c00000, 0x0000000089c00000|100%| S|CS|TAMS 0x0000000089b00000, 0x0000000089b00000| Complete 
| 156|0x0000000089c00000, 0x0000000089d00000, 0x0000000089d00000|100%| S|CS|TAMS 0x0000000089c00000, 0x0000000089c00000| Complete 
| 157|0x0000000089d00000, 0x0000000089e00000, 0x0000000089e00000|100%| S|CS|TAMS 0x0000000089d00000, 0x0000000089d00000| Complete 
| 158|0x0000000089e00000, 0x0000000089f00000, 0x0000000089f00000|100%| S|CS|TAMS 0x0000000089e00000, 0x0000000089e00000| Complete 
| 159|0x0000000089f00000, 0x000000008a000000, 0x000000008a000000|100%| S|CS|TAMS 0x0000000089f00000, 0x0000000089f00000| Complete 
| 160|0x000000008a000000, 0x000000008a100000, 0x000000008a100000|100%| S|CS|TAMS 0x000000008a000000, 0x000000008a000000| Complete 
| 161|0x000000008a100000, 0x000000008a200000, 0x000000008a200000|100%| S|CS|TAMS 0x000000008a100000, 0x000000008a100000| Complete 
| 162|0x000000008a200000, 0x000000008a200000, 0x000000008a300000|  0%| F|  |TAMS 0x000000008a200000, 0x000000008a200000| Untracked 
| 163|0x000000008a300000, 0x000000008a300000, 0x000000008a400000|  0%| F|  |TAMS 0x000000008a300000, 0x000000008a300000| Untracked 
| 164|0x000000008a400000, 0x000000008a400000, 0x000000008a500000|  0%| F|  |TAMS 0x000000008a400000, 0x000000008a400000| Untracked 
| 165|0x000000008a500000, 0x000000008a500000, 0x000000008a600000|  0%| F|  |TAMS 0x000000008a500000, 0x000000008a500000| Untracked 
| 166|0x000000008a600000, 0x000000008a600000, 0x000000008a700000|  0%| F|  |TAMS 0x000000008a600000, 0x000000008a600000| Untracked 
| 167|0x000000008a700000, 0x000000008a700000, 0x000000008a800000|  0%| F|  |TAMS 0x000000008a700000, 0x000000008a700000| Untracked 
| 168|0x000000008a800000, 0x000000008a800000, 0x000000008a900000|  0%| F|  |TAMS 0x000000008a800000, 0x000000008a800000| Untracked 
| 169|0x000000008a900000, 0x000000008a900000, 0x000000008aa00000|  0%| F|  |TAMS 0x000000008a900000, 0x000000008a900000| Untracked 
| 170|0x000000008aa00000, 0x000000008aa00000, 0x000000008ab00000|  0%| F|  |TAMS 0x000000008aa00000, 0x000000008aa00000| Untracked 
| 171|0x000000008ab00000, 0x000000008ab00000, 0x000000008ac00000|  0%| F|  |TAMS 0x000000008ab00000, 0x000000008ab00000| Untracked 
| 172|0x000000008ac00000, 0x000000008ac00000, 0x000000008ad00000|  0%| F|  |TAMS 0x000000008ac00000, 0x000000008ac00000| Untracked 
| 173|0x000000008ad00000, 0x000000008ad00000, 0x000000008ae00000|  0%| F|  |TAMS 0x000000008ad00000, 0x000000008ad00000| Untracked 
| 174|0x000000008ae00000, 0x000000008ae00000, 0x000000008af00000|  0%| F|  |TAMS 0x000000008ae00000, 0x000000008ae00000| Untracked 
| 175|0x000000008af00000, 0x000000008af00000, 0x000000008b000000|  0%| F|  |TAMS 0x000000008af00000, 0x000000008af00000| Untracked 
| 176|0x000000008b000000, 0x000000008b000000, 0x000000008b100000|  0%| F|  |TAMS 0x000000008b000000, 0x000000008b000000| Untracked 
| 177|0x000000008b100000, 0x000000008b100000, 0x000000008b200000|  0%| F|  |TAMS 0x000000008b100000, 0x000000008b100000| Untracked 
| 178|0x000000008b200000, 0x000000008b200000, 0x000000008b300000|  0%| F|  |TAMS 0x000000008b200000, 0x000000008b200000| Untracked 
| 179|0x000000008b300000, 0x000000008b300000, 0x000000008b400000|  0%| F|  |TAMS 0x000000008b300000, 0x000000008b300000| Untracked 
| 180|0x000000008b400000, 0x000000008b400000, 0x000000008b500000|  0%| F|  |TAMS 0x000000008b400000, 0x000000008b400000| Untracked 
| 181|0x000000008b500000, 0x000000008b500000, 0x000000008b600000|  0%| F|  |TAMS 0x000000008b500000, 0x000000008b500000| Untracked 
| 182|0x000000008b600000, 0x000000008b600000, 0x000000008b700000|  0%| F|  |TAMS 0x000000008b600000, 0x000000008b600000| Untracked 
| 183|0x000000008b700000, 0x000000008b700000, 0x000000008b800000|  0%| F|  |TAMS 0x000000008b700000, 0x000000008b700000| Untracked 
| 184|0x000000008b800000, 0x000000008b800000, 0x000000008b900000|  0%| F|  |TAMS 0x000000008b800000, 0x000000008b800000| Untracked 

Card table byte_map: [0x0000016bd3ab0000,0x0000016bd3eb0000] _byte_map_base: 0x0000016bd36b0000

Marking Bits (Prev, Next): (CMBitMap*) 0x0000016bbbc34f50, (CMBitMap*) 0x0000016bbbc34f18
 Prev Bits: [0x0000016bd62b0000, 0x0000016bd82b0000)
 Next Bits: [0x0000016bd42b0000, 0x0000016bd62b0000)

Polling page: 0x0000016bba400000

Metaspace:

Usage:
  Non-class:     94.45 MB capacity,    92.89 MB ( 98%) used,     1.26 MB (  1%) free+waste,   306.25 KB ( <1%) overhead. 
      Class:     14.45 MB capacity,    13.55 MB ( 94%) used,   790.74 KB (  5%) free+waste,   136.63 KB ( <1%) overhead. 
       Both:    108.90 MB capacity,   106.44 MB ( 98%) used,     2.03 MB (  2%) free+waste,   442.88 KB ( <1%) overhead. 

Virtual space:
  Non-class space:      104.00 MB reserved,      94.51 MB ( 91%) committed 
      Class space:        1.00 GB reserved,      14.50 MB (  1%) committed 
             Both:        1.10 GB reserved,     109.01 MB ( 10%) committed 

Chunk freelists:
   Non-Class:  7.25 KB
       Class:  2.00 KB
        Both:  9.25 KB

CodeHeap 'non-profiled nmethods': size=120064Kb used=7111Kb max_used=7111Kb free=112952Kb
 bounds [0x0000016bcbb50000, 0x0000016bcc250000, 0x0000016bd3090000]
CodeHeap 'profiled nmethods': size=120000Kb used=28208Kb max_used=28208Kb free=91791Kb
 bounds [0x0000016bc4620000, 0x0000016bc61b0000, 0x0000016bcbb50000]
CodeHeap 'non-nmethods': size=5696Kb used=2345Kb max_used=2376Kb free=3351Kb
 bounds [0x0000016bc4090000, 0x0000016bc4300000, 0x0000016bc4620000]
 total_blobs=14304 nmethods=13331 adapters=884
 compilation: enabled
              stopped_count=0, restarted_count=0
 full_count=0

Compilation events (10 events):
Event: 95.688 Thread 0x0000016bda90a800 13603       4       com.sun.tools.javac.code.Symbol::<init> (45 bytes)
Event: 95.688 Thread 0x0000016bda90e000 nmethod 13601 0x0000016bc61a8d10 code [0x0000016bc61a8ec0, 0x0000016bc61a9108]
Event: 95.688 Thread 0x0000016bda90e000 13602       3       com.sun.tools.javac.jvm.ClassReader::getInt (59 bytes)
Event: 95.688 Thread 0x0000016bda90e000 nmethod 13602 0x0000016bc61a9210 code [0x0000016bc61a93c0, 0x0000016bc61a9578]
Event: 95.690 Thread 0x0000016bda90e000 13606       3       com.sun.tools.javac.comp.Check::checkDisjoint (53 bytes)
Event: 95.691 Thread 0x0000016bda90e000 nmethod 13606 0x0000016bc61a9690 code [0x0000016bc61a9940, 0x0000016bc61aa978]
Event: 95.696 Thread 0x0000016bda90a800 nmethod 13603 0x0000016bcc241310 code [0x0000016bcc2414a0, 0x0000016bcc241958]
Event: 95.696 Thread 0x0000016bda90a800 13605       4       com.sun.tools.javac.jvm.ClassReader::sigToType (880 bytes)
Event: 95.700 Thread 0x0000016bda90e000 13607       3       com.sun.tools.javac.util.List::map (83 bytes)
Event: 95.701 Thread 0x0000016bda90e000 nmethod 13607 0x0000016bc61aaf10 code [0x0000016bc61ab180, 0x0000016bc61abd78]

GC Heap History (10 events):
Event: 51.192 GC heap before
{Heap before GC invocations=33 (full 0):
 garbage-first heap   total 189440K, used 140302K [0x0000000080000000, 0x0000000100000000)
  region size 1024K, 48 young (49152K), 2 survivors (2048K)
 Metaspace       used 96074K, capacity 98237K, committed 98312K, reserved 1134592K
  class space    used 12214K, capacity 12986K, committed 13056K, reserved 1048576K
}
Event: 51.201 GC heap after
{Heap after GC invocations=34 (full 0):
 garbage-first heap   total 189440K, used 94759K [0x0000000080000000, 0x0000000100000000)
  region size 1024K, 3 young (3072K), 3 survivors (3072K)
 Metaspace       used 96074K, capacity 98237K, committed 98312K, reserved 1134592K
  class space    used 12214K, capacity 12986K, committed 13056K, reserved 1048576K
}
Event: 57.224 GC heap before
{Heap before GC invocations=35 (full 0):
 garbage-first heap   total 189440K, used 142887K [0x0000000080000000, 0x0000000100000000)
  region size 1024K, 51 young (52224K), 3 survivors (3072K)
 Metaspace       used 99822K, capacity 102094K, committed 102280K, reserved 1138688K
  class space    used 12744K, capacity 13592K, committed 13696K, reserved 1048576K
}
Event: 57.239 GC heap after
{Heap after GC invocations=36 (full 0):
 garbage-first heap   total 189440K, used 98355K [0x0000000080000000, 0x0000000100000000)
  region size 1024K, 7 young (7168K), 7 survivors (7168K)
 Metaspace       used 99822K, capacity 102094K, committed 102280K, reserved 1138688K
  class space    used 12744K, capacity 13592K, committed 13696K, reserved 1048576K
}
Event: 57.337 GC heap before
{Heap before GC invocations=36 (full 0):
 garbage-first heap   total 189440K, used 99379K [0x0000000080000000, 0x0000000100000000)
  region size 1024K, 9 young (9216K), 7 survivors (7168K)
 Metaspace       used 99895K, capacity 102206K, committed 102536K, reserved 1138688K
  class space    used 12754K, capacity 13600K, committed 13696K, reserved 1048576K
}
Event: 57.352 GC heap after
{Heap after GC invocations=37 (full 0):
 garbage-first heap   total 189440K, used 98268K [0x0000000080000000, 0x0000000100000000)
  region size 1024K, 1 young (1024K), 1 survivors (1024K)
 Metaspace       used 99895K, capacity 102206K, committed 102536K, reserved 1138688K
  class space    used 12754K, capacity 13600K, committed 13696K, reserved 1048576K
}
Event: 91.686 GC heap before
{Heap before GC invocations=37 (full 0):
 garbage-first heap   total 189440K, used 146396K [0x0000000080000000, 0x0000000100000000)
  region size 1024K, 49 young (50176K), 1 survivors (1024K)
 Metaspace       used 102862K, capacity 105225K, committed 105480K, reserved 1140736K
  class space    used 13109K, capacity 14003K, committed 14080K, reserved 1048576K
}
Event: 91.708 GC heap after
{Heap after GC invocations=38 (full 0):
 garbage-first heap   total 189440K, used 102096K [0x0000000080000000, 0x0000000100000000)
  region size 1024K, 5 young (5120K), 5 survivors (5120K)
 Metaspace       used 102862K, capacity 105225K, committed 105480K, reserved 1140736K
  class space    used 13109K, capacity 14003K, committed 14080K, reserved 1048576K
}
Event: 95.718 GC heap before
{Heap before GC invocations=39 (full 0):
 garbage-first heap   total 189440K, used 126672K [0x0000000080000000, 0x0000000100000000)
  region size 1024K, 28 young (28672K), 5 survivors (5120K)
 Metaspace       used 108996K, capacity 111518K, committed 111624K, reserved 1153024K
  class space    used 13872K, capacity 14800K, committed 14848K, reserved 1048576K
}
Event: 95.754 GC heap after
{Heap after GC invocations=40 (full 0):
 garbage-first heap   total 189440K, used 111145K [0x0000000080000000, 0x0000000100000000)
  region size 1024K, 7 young (7168K), 7 survivors (7168K)
 Metaspace       used 108996K, capacity 111518K, committed 111624K, reserved 1153024K
  class space    used 13872K, capacity 14800K, committed 14848K, reserved 1048576K
}

Deoptimization events (10 events):
Event: 94.876 Thread 0x0000016bdd28b000 Uncommon trap: reason=speculate_class_check action=maybe_recompile pc=0x0000016bcbc373c8 method=java.util.zip.InflaterInputStream.read([BII)I @ 100 c2
Event: 95.005 Thread 0x0000016bdd28b000 Uncommon trap: reason=class_check action=maybe_recompile pc=0x0000016bcc20d4d8 method=jdk.nio.zipfs.JarFileSystem.getInode([B)Ljdk/nio/zipfs/ZipFileSystem$IndexNode; @ 5 c2
Event: 95.005 Thread 0x0000016bdd28b000 Uncommon trap: reason=class_check action=maybe_recompile pc=0x0000016bcc20d4d8 method=jdk.nio.zipfs.JarFileSystem.getInode([B)Ljdk/nio/zipfs/ZipFileSystem$IndexNode; @ 5 c2
Event: 95.005 Thread 0x0000016bdd28b000 Uncommon trap: reason=class_check action=maybe_recompile pc=0x0000016bcc20d4d8 method=jdk.nio.zipfs.JarFileSystem.getInode([B)Ljdk/nio/zipfs/ZipFileSystem$IndexNode; @ 5 c2
Event: 95.006 Thread 0x0000016bdd28b000 Uncommon trap: reason=class_check action=maybe_recompile pc=0x0000016bcc20d4d8 method=jdk.nio.zipfs.JarFileSystem.getInode([B)Ljdk/nio/zipfs/ZipFileSystem$IndexNode; @ 5 c2
Event: 95.135 Thread 0x0000016bdd28b000 Uncommon trap: reason=class_check action=maybe_recompile pc=0x0000016bcbf914e0 method=java.util.Spliterators$IteratorSpliterator.tryAdvance(Ljava/util/function/Consumer;)Z @ 68 c2
Event: 95.137 Thread 0x0000016bdd28b000 Uncommon trap: reason=class_check action=maybe_recompile pc=0x0000016bcc204cf4 method=java.nio.file.FileTreeWalker.visit(Ljava/nio/file/Path;ZZ)Ljava/nio/file/FileTreeWalker$Event; @ 91 c2
Event: 95.139 Thread 0x0000016bdd28b000 Uncommon trap: reason=unstable_if action=reinterpret pc=0x0000016bcc2043e4 method=java.nio.file.FileTreeWalker.visit(Ljava/nio/file/Path;ZZ)Ljava/nio/file/FileTreeWalker$Event; @ 53 c2
Event: 95.343 Thread 0x0000016bdd28b000 Uncommon trap: reason=unstable_if action=reinterpret pc=0x0000016bcc23013c method=com.sun.tools.javac.util.Name$Table.equals([BI[BII)Z @ 22 c2
Event: 95.592 Thread 0x0000016bdd28b000 Uncommon trap: reason=class_check action=maybe_recompile pc=0x0000016bcbf914e0 method=java.util.Spliterators$IteratorSpliterator.tryAdvance(Ljava/util/function/Consumer;)Z @ 68 c2

Classes redefined (0 events):
No events

Internal exceptions (10 events):
Event: 95.579 Thread 0x0000016bdd28b000 Exception <a 'sun/nio/fs/WindowsException'{0x000000008a4d8000}> (0x000000008a4d8000) thrown at [./open/src/hotspot/share/prims/jni.cpp, line 611]
Event: 95.580 Thread 0x0000016bdd28b000 Exception <a 'sun/nio/fs/WindowsException'{0x000000008a4db530}> (0x000000008a4db530) thrown at [./open/src/hotspot/share/prims/jni.cpp, line 611]
Event: 95.580 Thread 0x0000016bdd28b000 Exception <a 'sun/nio/fs/WindowsException'{0x000000008a4db910}> (0x000000008a4db910) thrown at [./open/src/hotspot/share/prims/jni.cpp, line 611]
Event: 95.587 Thread 0x0000016bdd28b000 Exception <a 'sun/nio/fs/WindowsException'{0x000000008a3333a0}> (0x000000008a3333a0) thrown at [./open/src/hotspot/share/prims/jni.cpp, line 611]
Event: 95.587 Thread 0x0000016bdd28b000 Exception <a 'sun/nio/fs/WindowsException'{0x000000008a333750}> (0x000000008a333750) thrown at [./open/src/hotspot/share/prims/jni.cpp, line 611]
Event: 95.587 Thread 0x0000016bdd28b000 Exception <a 'sun/nio/fs/WindowsException'{0x000000008a336c80}> (0x000000008a336c80) thrown at [./open/src/hotspot/share/prims/jni.cpp, line 611]
Event: 95.588 Thread 0x0000016bdd28b000 Exception <a 'sun/nio/fs/WindowsException'{0x000000008a337060}> (0x000000008a337060) thrown at [./open/src/hotspot/share/prims/jni.cpp, line 611]
Event: 95.660 Thread 0x0000016bdd28b000 Exception <a 'sun/nio/fs/WindowsException'{0x000000008a3a6528}> (0x000000008a3a6528) thrown at [./open/src/hotspot/share/prims/jni.cpp, line 611]
Event: 95.661 Thread 0x0000016bdd28b000 Exception <a 'sun/nio/fs/WindowsException'{0x000000008a3a7778}> (0x000000008a3a7778) thrown at [./open/src/hotspot/share/prims/jni.cpp, line 611]
Event: 95.704 Thread 0x0000016bdd28b000 Exception <a 'java/lang/NoSuchMethodError'{0x000000008a3f9b70}: java.lang.invoke.DirectMethodHandle$Holder.invokeVirtual(Ljava/lang/Object;Ljava/lang/Object;Ljava/lang/Object;Ljava/lang/Object;)I> (0x000000008a3f9b70) thrown at [./open/src/hotspot/share/i

Events (10 events):
Event: 95.708 loading class com/sun/tools/javac/code/Type$UndetVar done
Event: 95.708 loading class com/sun/tools/javac/util/Filter
Event: 95.708 loading class com/sun/tools/javac/util/Filter done
Event: 95.715 loading class com/sun/tools/javac/code/Type$UndetVar
Event: 95.715 loading class com/sun/tools/javac/code/Type$UndetVar done
Event: 95.715 loading class com/sun/tools/javac/util/ListBuffer
Event: 95.715 loading class com/sun/tools/javac/util/ListBuffer done
Event: 95.715 loading class com/sun/tools/javac/code/Type$UndetVar
Event: 95.715 loading class com/sun/tools/javac/code/Type$UndetVar done
Event: 95.718 Executing VM operation: CollectForMetadataAllocation


Dynamic libraries:
0x00007ff7b24e0000 - 0x00007ff7b24ef000 	C:\Program Files\Java\jdk-11.0.10\bin\java.exe
0x00007ffbbac50000 - 0x00007ffbbae45000 	C:\WINDOWS\SYSTEM32\ntdll.dll
0x00007ffbba4e0000 - 0x00007ffbba59d000 	C:\WINDOWS\System32\KERNEL32.DLL
0x00007ffbb8530000 - 0x00007ffbb87fd000 	C:\WINDOWS\System32\KERNELBASE.dll
0x00007ffbb8ba0000 - 0x00007ffbb8ca0000 	C:\WINDOWS\System32\ucrtbase.dll
0x00007ffba1d60000 - 0x00007ffba1d75000 	C:\Program Files\Java\jdk-11.0.10\bin\VCRUNTIME140.dll
0x00007ffb9b3b0000 - 0x00007ffb9b3c8000 	C:\Program Files\Java\jdk-11.0.10\bin\jli.dll
0x00007ffbba640000 - 0x00007ffbba6ee000 	C:\WINDOWS\System32\ADVAPI32.dll
0x00007ffbba5a0000 - 0x00007ffbba63e000 	C:\WINDOWS\System32\msvcrt.dll
0x00007ffbba280000 - 0x00007ffbba31c000 	C:\WINDOWS\System32\sechost.dll
0x00007ffbba120000 - 0x00007ffbba245000 	C:\WINDOWS\System32\RPCRT4.dll
0x00007ffbb9ca0000 - 0x00007ffbb9e40000 	C:\WINDOWS\System32\USER32.dll
0x00007ffbb8800000 - 0x00007ffbb8822000 	C:\WINDOWS\System32\win32u.dll
0x00007ffbba250000 - 0x00007ffbba27a000 	C:\WINDOWS\System32\GDI32.dll
0x00007ffbb8360000 - 0x00007ffbb846b000 	C:\WINDOWS\System32\gdi32full.dll
0x00007ffbb8860000 - 0x00007ffbb88fd000 	C:\WINDOWS\System32\msvcp_win.dll
0x00007ffbb7050000 - 0x00007ffbb72ea000 	C:\WINDOWS\WinSxS\amd64_microsoft.windows.common-controls_6595b64144ccf1df_6.0.19041.1110_none_60b5254171f9507e\COMCTL32.dll
0x00007ffb9fc40000 - 0x00007ffb9fc4a000 	C:\WINDOWS\SYSTEM32\VERSION.dll
0x00007ffbb8dd0000 - 0x00007ffbb8e00000 	C:\WINDOWS\System32\IMM32.DLL
0x00007ffb5f560000 - 0x00007ffb5f5fb000 	C:\Program Files\Java\jdk-11.0.10\bin\msvcp140.dll
0x00007ffb189d0000 - 0x00007ffb194cb000 	C:\Program Files\Java\jdk-11.0.10\bin\server\jvm.dll
0x00007ffbb8d00000 - 0x00007ffbb8d08000 	C:\WINDOWS\System32\PSAPI.DLL
0x00007ffbb3a60000 - 0x00007ffbb3a69000 	C:\WINDOWS\SYSTEM32\WSOCK32.dll
0x00007ffbb9c30000 - 0x00007ffbb9c9b000 	C:\WINDOWS\System32\WS2_32.dll
0x00007ffbb6880000 - 0x00007ffbb68a7000 	C:\WINDOWS\SYSTEM32\WINMM.dll
0x00007ffbb5f70000 - 0x00007ffbb5f82000 	C:\WINDOWS\SYSTEM32\kernel.appcore.dll
0x00007ffbafd60000 - 0x00007ffbafd70000 	C:\Program Files\Java\jdk-11.0.10\bin\verify.dll
0x00007ffbafa70000 - 0x00007ffbafc54000 	C:\WINDOWS\SYSTEM32\DBGHELP.DLL
0x00007ffba33b0000 - 0x00007ffba33dc000 	C:\WINDOWS\SYSTEM32\dbgcore.DLL
0x00007ffbb8900000 - 0x00007ffbb8982000 	C:\WINDOWS\System32\bcryptPrimitives.dll
0x00007ffb9ad70000 - 0x00007ffb9ad98000 	C:\Program Files\Java\jdk-11.0.10\bin\java.dll
0x00007ffba3fe0000 - 0x00007ffba3fea000 	C:\Program Files\Java\jdk-11.0.10\bin\jimage.dll
0x00007ffb99760000 - 0x00007ffb99776000 	C:\Program Files\Java\jdk-11.0.10\bin\zip.dll
0x00007ffbb8f80000 - 0x00007ffbb96c4000 	C:\WINDOWS\System32\SHELL32.dll
0x00007ffbb68b0000 - 0x00007ffbb7044000 	C:\WINDOWS\SYSTEM32\windows.storage.dll
0x00007ffbb9790000 - 0x00007ffbb9ae4000 	C:\WINDOWS\System32\combase.dll
0x00007ffbb7dc0000 - 0x00007ffbb7dec000 	C:\WINDOWS\SYSTEM32\Wldp.dll
0x00007ffbb8e00000 - 0x00007ffbb8ead000 	C:\WINDOWS\System32\SHCORE.dll
0x00007ffbb8ca0000 - 0x00007ffbb8cf5000 	C:\WINDOWS\System32\shlwapi.dll
0x00007ffbb82a0000 - 0x00007ffbb82bf000 	C:\WINDOWS\SYSTEM32\profapi.dll
0x00007ffb98690000 - 0x00007ffb986a9000 	C:\Program Files\Java\jdk-11.0.10\bin\net.dll
0x00007ffbb2de0000 - 0x00007ffbb2eea000 	C:\WINDOWS\SYSTEM32\WINHTTP.dll
0x00007ffbb7ab0000 - 0x00007ffbb7b1a000 	C:\WINDOWS\system32\mswsock.dll
0x00007ffb96750000 - 0x00007ffb96762000 	C:\Program Files\Java\jdk-11.0.10\bin\nio.dll
0x00007ffbb3ab0000 - 0x00007ffbb3ad7000 	C:\Users\Nomer\Desktop\application\n-kolesnikov-pirogovclinic-android-93c4ca24390d\gradle\native\8bec1ad78214c89d9ad589b4d07fe93259594b29d510b10fafb7a158f7737e5d\windows-amd64\native-platform.dll
0x00007ffb52f40000 - 0x00007ffb5307d000 	C:\Users\Nomer\Desktop\application\n-kolesnikov-pirogovclinic-android-93c4ca24390d\gradle\native\53dbd7edfb1c66fb8903c78663c9afc45aea4f116125fa6feffd364cf09443e8\windows-amd64\native-platform-file-events.dll
0x00007ffbb56d0000 - 0x00007ffbb56d9000 	C:\Program Files\Java\jdk-11.0.10\bin\management.dll
0x00007ffbb3b50000 - 0x00007ffbb3b5b000 	C:\Program Files\Java\jdk-11.0.10\bin\management_ext.dll
0x00007ffbb7d10000 - 0x00007ffbb7d28000 	C:\WINDOWS\SYSTEM32\CRYPTSP.dll
0x0000000077790000 - 0x00000000777a9000 	C:\Program Files\Common Files\Crypto Pro\AppCompat\cpadvai.dll
0x00007ffbb73d0000 - 0x00007ffbb7404000 	C:\WINDOWS\system32\rsaenh.dll
0x00007ffbb8830000 - 0x00007ffbb8857000 	C:\WINDOWS\System32\bcrypt.dll
0x00007ffbb8220000 - 0x00007ffbb824e000 	C:\WINDOWS\SYSTEM32\USERENV.dll
0x00007ffbb7d30000 - 0x00007ffbb7d3c000 	C:\WINDOWS\SYSTEM32\CRYPTBASE.dll
0x00007ffbb77a0000 - 0x00007ffbb77db000 	C:\WINDOWS\SYSTEM32\IPHLPAPI.DLL
0x00007ffbb9780000 - 0x00007ffbb9788000 	C:\WINDOWS\System32\NSI.dll
0x00007ffba90c0000 - 0x00007ffba90d7000 	C:\WINDOWS\SYSTEM32\dhcpcsvc6.DLL
0x00007ffba9720000 - 0x00007ffba973d000 	C:\WINDOWS\SYSTEM32\dhcpcsvc.DLL
0x00007ffbb77e0000 - 0x00007ffbb78ab000 	C:\WINDOWS\SYSTEM32\DNSAPI.dll
0x00007ffbb1470000 - 0x00007ffbb148e000 	C:\Users\Nomer\AppData\Local\Temp\native-platform15848611708801193875dir\native-platform.dll
0x00007ffbb19a0000 - 0x00007ffbb19a7000 	C:\Program Files\Java\jdk-11.0.10\bin\rmi.dll

dbghelp: loaded successfully - version: 4.0.5 - missing functions: none
symbol engine: initialized successfully - sym options: 0x614 - pdb path: .;C:\Program Files\Java\jdk-11.0.10\bin;C:\WINDOWS\SYSTEM32;C:\WINDOWS\WinSxS\amd64_microsoft.windows.common-controls_6595b64144ccf1df_6.0.19041.1110_none_60b5254171f9507e;C:\Program Files\Java\jdk-11.0.10\bin\server;C:\Users\Nomer\Desktop\application\n-kolesnikov-pirogovclinic-android-93c4ca24390d\gradle\native\8bec1ad78214c89d9ad589b4d07fe93259594b29d510b10fafb7a158f7737e5d\windows-amd64;C:\Users\Nomer\Desktop\application\n-kolesnikov-pirogovclinic-android-93c4ca24390d\gradle\native\53dbd7edfb1c66fb8903c78663c9afc45aea4f116125fa6feffd364cf09443e8\windows-amd64;C:\Program Files\Common Files\Crypto Pro\AppCompat;C:\Users\Nomer\AppData\Local\Temp\native-platform15848611708801193875dir

VM Arguments:
jvm_args: --add-opens=java.base/java.util=ALL-UNNAMED --add-opens=java.base/java.lang=ALL-UNNAMED --add-opens=java.base/java.lang.invoke=ALL-UNNAMED --add-opens=java.base/java.util=ALL-UNNAMED --add-opens=java.prefs/java.util.prefs=ALL-UNNAMED --add-opens=java.prefs/java.util.prefs=ALL-UNNAMED --add-opens=java.base/java.nio.charset=ALL-UNNAMED --add-opens=java.base/java.net=ALL-UNNAMED --add-opens=java.base/java.util.concurrent.atomic=ALL-UNNAMED -Xmx2048m -Dfile.encoding=UTF-8 -Duser.country=RU -Duser.language=ru -Duser.variant 
java_command: org.gradle.launcher.daemon.bootstrap.GradleDaemon 7.0.2
java_class_path (initial): C:\Users\Nomer\Desktop\application\n-kolesnikov-pirogovclinic-android-93c4ca24390d\gradle\wrapper\dists\gradle-7.0.2-bin\857tjihv64xamwrf0h14cai3r\gradle-7.0.2\lib\gradle-launcher-7.0.2.jar
Launcher Type: SUN_STANDARD

[Global flags]
     intx CICompilerCount                          = 3                                         {product} {ergonomic}
     uint ConcGCThreads                            = 1                                         {product} {ergonomic}
     uint G1ConcRefinementThreads                  = 4                                         {product} {ergonomic}
   size_t G1HeapRegionSize                         = 1048576                                   {product} {ergonomic}
    uintx GCDrainStackTargetSize                   = 64                                        {product} {ergonomic}
   size_t InitialHeapSize                          = 134217728                                 {product} {ergonomic}
   size_t MarkStackSize                            = 4194304                                   {product} {ergonomic}
   size_t MaxHeapSize                              = 2147483648                                {product} {command line}
   size_t MaxNewSize                               = 1287651328                                {product} {ergonomic}
   size_t MinHeapDeltaBytes                        = 1048576                                   {product} {ergonomic}
    uintx NonNMethodCodeHeapSize                   = 5830732                                {pd product} {ergonomic}
    uintx NonProfiledCodeHeapSize                  = 122913754                              {pd product} {ergonomic}
    uintx ProfiledCodeHeapSize                     = 122913754                              {pd product} {ergonomic}
    uintx ReservedCodeCacheSize                    = 251658240                              {pd product} {ergonomic}
     bool SegmentedCodeCache                       = true                                      {product} {ergonomic}
     bool UseCompressedClassPointers               = true                                 {lp64_product} {ergonomic}
     bool UseCompressedOops                        = true                                 {lp64_product} {ergonomic}
     bool UseG1GC                                  = true                                      {product} {ergonomic}
     bool UseLargePagesIndividualAllocation        = false                                  {pd product} {ergonomic}

Logging:
Log output configuration:
 #0: stdout all=warning uptime,level,tags
 #1: stderr all=off uptime,level,tags

Environment Variables:
JAVA_HOME=C:\Program Files\Java\jdk-16.0.2
PATH=C:\Program Files (x86)\Common Files\Oracle\Java\javapath;C:\Program Files\Common Files\Oracle\Java\javapath;C:\WINDOWS\system32;C:\WINDOWS;C:\WINDOWS\System32\Wbem;C:\WINDOWS\System32\WindowsPowerShell\v1.0\;C:\WINDOWS\System32\OpenSSH\;C:\Program Files\PuTTY\;C:\Program Files\Git\cmd;C:\Users\Nomer\AppData\Local\Microsoft\WindowsApps;
USERNAME=Nomer
OS=Windows_NT
PROCESSOR_IDENTIFIER=Intel64 Family 6 Model 142 Stepping 9, GenuineIntel



---------------  S Y S T E M  ---------------

OS: Windows 10 , 64 bit Build 19041 (10.0.19041.1706)

CPU:total 4 (initial active 4) (2 cores per cpu, 2 threads per core) family 6 model 142 stepping 9 microcode 0xec, cmov, cx8, fxsr, mmx, sse, sse2, sse3, ssse3, sse4.1, sse4.2, popcnt, avx, avx2, aes, clmul, erms, rtm, 3dnowpref, lzcnt, ht, tsc, tscinvbit, bmi1, bmi2, adx, fma

Memory: 4k page, system-wide physical 8109M (139M free)
TotalPageFile size 23292M (AvailPageFile size 0M)
current process WorkingSet (physical memory assigned to process): 298M, peak: 404M
current process commit charge ("private bytes"): 484M, peak: 485M

vm_info: Java HotSpot(TM) 64-Bit Server VM (11.0.10+8-LTS-162) for windows-amd64 JRE (11.0.10+8-LTS-162), built on Dec  8 2020 16:32:57 by "mach5one" with MS VC++ 15.9 (VS2017)

END.
